2025-05-26 10:42:34,161 [INFO] Activator:176 - 


2025-05-26 10:42:34,171 [INFO] Activator:177 - !SESSION log4j initialized
2025-05-26 10:42:42,557 [INFO] LogOutputStream:77 - [STDOUT_REDIRECT] 
2025-05-26 10:42:45,165 [INFO] ApplicationProperties:184 - Using Application install path: C:\ST\STM32CubeIDE_1.18.0\STM32CubeIDE\plugins\com.st.stm32cube.common.mx_6.14.0.202502271554
2025-05-26 10:42:45,194 [INFO] DbMcusXml:78 - Set database path to: C:\ST\STM32CubeIDE_1.18.0\STM32CubeIDE\plugins\com.st.stm32cube.common.mx_6.14.0.202502271554\\db\/mcu/
2025-05-26 10:42:45,195 [INFO] ApiDb:274 - Set plugin database path to: C:\ST\STM32CubeIDE_1.18.0\STM32CubeIDE\plugins\com.st.stm32cube.common.mx_6.14.0.202502271554\\db\/plugins/boardmanager/
2025-05-26 10:42:45,195 [WARN] ApiDb:259 - Overriding images path with different value:  => C:\ST\STM32CubeIDE_1.18.0\STM32CubeIDE\plugins\com.st.stm32cube.common.mx_6.14.0.202502271554\\db\/plugins/mcufinder/images/
2025-05-26 10:42:45,204 [INFO] ApiDb:250 - Set database path to: C:\Users\User03\.stmcufinder\plugins\mcufinder//mcu/
2025-05-26 10:42:45,206 [INFO] DbMcusAds:125 - Set database path to: C:\Users\User03\.stmcufinder\plugins\mcufinder//mcu/
2025-05-26 10:42:45,209 [INFO] CrossReferenceDbSqlite:203 - Set database path to: C:\Users\User03\.stmcufinder\plugins\mcufinder//mcu/cs/
2025-05-26 10:42:45,408 [INFO] RulesReader:64 - Compatibility file has been processed (301 Rules)
2025-05-26 10:42:45,537 [INFO] DbMcusXml:78 - Set database path to: C:\ST\STM32CubeIDE_1.18.0\STM32CubeIDE\plugins\com.st.stm32cube.common.mx_6.14.0.202502271554\\db\/mcu/
2025-05-26 10:42:45,537 [INFO] ApiDb:274 - Set plugin database path to: C:\ST\STM32CubeIDE_1.18.0\STM32CubeIDE\plugins\com.st.stm32cube.common.mx_6.14.0.202502271554\\db\/plugins/boardmanager/
2025-05-26 10:42:45,537 [INFO] ApiDb:261 - Set plugin images path to: C:\ST\STM32CubeIDE_1.18.0\STM32CubeIDE\plugins\com.st.stm32cube.common.mx_6.14.0.202502271554\\db\/plugins/mcufinder/images/
2025-05-26 10:42:45,537 [WARN] DbFile:41 - Overriding database path with different value: C:\Users\User03\.stmcufinder\plugins\mcufinder/ => C:\Users\User03\.stmcufinder\plugins\mcufinder
2025-05-26 10:42:45,538 [INFO] ApiDb:250 - Set database path to: C:\Users\User03\.stmcufinder\plugins\mcufinder//mcu/
2025-05-26 10:42:45,538 [WARN] DbFile:41 - Overriding database path with different value: C:\Users\User03\.stmcufinder\plugins\mcufinder/ => C:\Users\User03\.stmcufinder\plugins\mcufinder
2025-05-26 10:42:45,538 [INFO] DbMcusAds:125 - Set database path to: C:\Users\User03\.stmcufinder\plugins\mcufinder//mcu/
2025-05-26 10:42:45,538 [WARN] DbFile:41 - Overriding database path with different value: C:\Users\User03\.stmcufinder\plugins\mcufinder/ => C:\Users\User03\.stmcufinder\plugins\mcufinder
2025-05-26 10:42:45,538 [WARN] DbFile:41 - Overriding database path with different value: C:\Users\User03\.stmcufinder\plugins\mcufinder/ => C:\Users\User03\.stmcufinder\plugins\mcufinder
2025-05-26 10:42:45,538 [INFO] CrossReferenceDbSqlite:203 - Set database path to: C:\Users\User03\.stmcufinder\plugins\mcufinder//mcu/cs/
2025-05-26 10:42:45,657 [INFO] MainPanel:272 - HeapMemory: 268435456
2025-05-26 10:42:45,825 [INFO] DbMcusXml:78 - Set database path to: C:\ST\STM32CubeIDE_1.18.0\STM32CubeIDE\plugins\com.st.stm32cube.common.mx_6.14.0.202502271554\\db\/mcu/
2025-05-26 10:42:45,826 [INFO] ApiDb:274 - Set plugin database path to: C:\ST\STM32CubeIDE_1.18.0\STM32CubeIDE\plugins\com.st.stm32cube.common.mx_6.14.0.202502271554\\db\/plugins/boardmanager/
2025-05-26 10:42:45,826 [INFO] ApiDb:261 - Set plugin images path to: C:\ST\STM32CubeIDE_1.18.0\STM32CubeIDE\plugins\com.st.stm32cube.common.mx_6.14.0.202502271554\\db\/plugins/mcufinder/images/
2025-05-26 10:42:45,827 [WARN] DbFile:41 - Overriding database path with different value: C:\Users\User03\.stmcufinder\plugins\mcufinder/ => C:\Users\User03\.stmcufinder\plugins\mcufinder
2025-05-26 10:42:45,827 [INFO] ApiDb:250 - Set database path to: C:\Users\User03\.stmcufinder\plugins\mcufinder//mcu/
2025-05-26 10:42:45,827 [WARN] DbFile:41 - Overriding database path with different value: C:\Users\User03\.stmcufinder\plugins\mcufinder/ => C:\Users\User03\.stmcufinder\plugins\mcufinder
2025-05-26 10:42:45,827 [INFO] DbMcusAds:125 - Set database path to: C:\Users\User03\.stmcufinder\plugins\mcufinder//mcu/
2025-05-26 10:42:45,828 [WARN] DbFile:41 - Overriding database path with different value: C:\Users\User03\.stmcufinder\plugins\mcufinder/ => C:\Users\User03\.stmcufinder\plugins\mcufinder
2025-05-26 10:42:45,828 [WARN] DbFile:41 - Overriding database path with different value: C:\Users\User03\.stmcufinder\plugins\mcufinder/ => C:\Users\User03\.stmcufinder\plugins\mcufinder
2025-05-26 10:42:45,828 [INFO] CrossReferenceDbSqlite:203 - Set database path to: C:\Users\User03\.stmcufinder\plugins\mcufinder//mcu/cs/
2025-05-26 10:42:45,857 [INFO] ApplicationProperties:184 - Using Application install path: C:\ST\STM32CubeIDE_1.18.0\STM32CubeIDE\plugins\com.st.stm32cube.common.mx_6.14.0.202502271554
2025-05-26 10:42:45,859 [INFO] PluginManage:196 - Search for loadable plugins [exclusion list=, ]
2025-05-26 10:42:45,861 [INFO] PluginManage:310 - Check plugin analytics
2025-05-26 10:42:46,163 [INFO] AnalyticsPlugin:253 - Accepted Software Licenses: STM32CubeMX.6.14.0
2025-05-26 10:42:46,163 [INFO] AnalyticsPlugin:255 - Accepted CMSIS Pack Licenses: 
2025-05-26 10:42:46,164 [INFO] AnalyticsPlugin:257 - Accepted Firmware Licenses: FW.L4.1.18.0
2025-05-26 10:42:46,167 [INFO] PluginManage:359 - Loaded plugin analytics (category:tool,tabindex:-1)
2025-05-26 10:42:46,168 [INFO] PluginManage:310 - Check plugin cadmodel
2025-05-26 10:42:46,176 [INFO] CADModel:105 - Init CAD model plugin
2025-05-26 10:42:46,176 [INFO] PluginManage:359 - Loaded plugin cadmodel (category:power,tabindex:5)
2025-05-26 10:42:46,177 [INFO] PluginManage:310 - Check plugin clock
2025-05-26 10:42:46,192 [INFO] PluginManage:359 - Loaded plugin clock (category:base,tabindex:2)
2025-05-26 10:42:46,192 [INFO] PluginManage:310 - Check plugin ddr
2025-05-26 10:42:46,196 [INFO] PluginManage:359 - Loaded plugin ddr (category:tool,tabindex:6)
2025-05-26 10:42:46,196 [INFO] PluginManage:310 - Check plugin filemanager
2025-05-26 10:42:46,432 [INFO] PluginManage:359 - Loaded plugin filemanager (category:base,tabindex:10)
2025-05-26 10:42:46,432 [INFO] PluginManage:310 - Check plugin ipmanager
2025-05-26 10:42:46,442 [INFO] PluginManage:359 - Loaded plugin ipmanager (category:base,tabindex:5)
2025-05-26 10:42:46,443 [INFO] PluginManage:310 - Check plugin lpbam
2025-05-26 10:42:46,456 [INFO] PluginManage:359 - Loaded plugin lpbam (category:base,tabindex:0)
2025-05-26 10:42:46,458 [INFO] PluginManage:310 - Check plugin memorymap
2025-05-26 10:42:46,480 [INFO] PluginManage:359 - Loaded plugin memorymap (category:base,tabindex:4)
2025-05-26 10:42:46,480 [INFO] PluginManage:310 - Check plugin pinoutandconfiguration
2025-05-26 10:42:46,493 [INFO] PluginManage:359 - Loaded plugin pinoutandconfiguration (category:base,tabindex:1)
2025-05-26 10:42:46,494 [INFO] PluginManage:310 - Check plugin pinoutconfig
2025-05-26 10:42:46,641 [WARN] SupportedApi:132 - Cannot load RTOS API schema: s4s-elt-must-match.1: The content of 'definitions' must match (annotation?, (simpleType | complexType)?, (unique | key | keyref)*)). A problem was found starting at: attribute.
2025-05-26 10:42:46,869 [INFO] PluginManage:359 - Loaded plugin pinoutconfig (category:base,tabindex:0)
2025-05-26 10:42:46,870 [INFO] PluginManage:310 - Check plugin power
2025-05-26 10:42:46,885 [INFO] PluginManage:359 - Loaded plugin power (category:power,tabindex:4)
2025-05-26 10:42:46,885 [INFO] PluginManage:310 - Check plugin projectmanager
2025-05-26 10:42:46,910 [INFO] PluginManage:359 - Loaded plugin projectmanager (category:projectmanager,tabindex:4)
2025-05-26 10:42:46,910 [INFO] PluginManage:310 - Check plugin rif
2025-05-26 10:42:46,922 [INFO] PluginManage:359 - Loaded plugin rif (category:base,tabindex:3)
2025-05-26 10:42:46,922 [INFO] PluginManage:310 - Check plugin thirdparty
2025-05-26 10:42:47,107 [INFO] PluginManage:359 - Loaded plugin thirdparty (category:base,tabindex:-1)
2025-05-26 10:42:47,107 [WARN] IntegrityCheckThread:84 - waiting for thirdparty lock release [integrity check]
2025-05-26 10:42:47,107 [INFO] PluginManage:310 - Check plugin tools
2025-05-26 10:42:47,108 [INFO] IntegrityCheckThread:86 - entering critical section [integrity check]
2025-05-26 10:42:47,108 [INFO] ThirdPartyUpdaterWithRetryManager:70 - Updater plugin not ready yet. [1/15]
2025-05-26 10:42:47,111 [INFO] PluginManage:359 - Loaded plugin tools (category:base,tabindex:7)
2025-05-26 10:42:47,112 [INFO] PluginManage:310 - Check plugin tutovideos
2025-05-26 10:42:47,405 [INFO] PluginManage:359 - Loaded plugin tutovideos (category:base,tabindex:-1)
2025-05-26 10:42:47,405 [INFO] PluginManage:310 - Check plugin updater
2025-05-26 10:42:47,442 [INFO] PluginManage:359 - Loaded plugin updater (category:base,tabindex:12)
2025-05-26 10:42:47,443 [INFO] PluginManage:310 - Check plugin userauth
2025-05-26 10:42:47,448 [INFO] UserAuth:118 - Init User Auth plugin
2025-05-26 10:42:47,450 [INFO] PluginManage:359 - Loaded plugin userauth (category:base,tabindex:14)
2025-05-26 10:42:47,450 [INFO] PluginManage:283 - PluginManage : Loaded plugins [18]
2025-05-26 10:42:47,774 [INFO] PinOutPanel:1589 - setPackage(No Configuration,No Configuration)
2025-05-26 10:42:47,910 [INFO] CADModel:165 - CPN selected for project level
2025-05-26 10:42:47,911 [INFO] CADModel:114 - Register for checkConnection events
2025-05-26 10:42:47,939 [INFO] IPUIPlugin:80 - create IPUIPlugin
2025-05-26 10:42:47,940 [INFO] PluginManager:220 - loadIPPluginJar : add adc
2025-05-26 10:42:47,944 [INFO] IPUIPlugin:80 - create IPUIPlugin
2025-05-26 10:42:47,944 [INFO] PluginManager:220 - loadIPPluginJar : add aes
2025-05-26 10:42:47,949 [INFO] IPUIPlugin:80 - create IPUIPlugin
2025-05-26 10:42:47,949 [INFO] PluginManager:220 - loadIPPluginJar : add can
2025-05-26 10:42:47,951 [INFO] IPUIPlugin:80 - create IPUIPlugin
2025-05-26 10:42:47,952 [INFO] PluginManager:220 - loadIPPluginJar : add comp
2025-05-26 10:42:47,955 [INFO] IPUIPlugin:80 - create IPUIPlugin
2025-05-26 10:42:47,956 [INFO] PluginManager:220 - loadIPPluginJar : add cryp
2025-05-26 10:42:47,961 [INFO] IPUIPlugin:80 - create IPUIPlugin
2025-05-26 10:42:47,961 [INFO] PluginManager:220 - loadIPPluginJar : add ddr_ctrl_phy
2025-05-26 10:42:47,965 [INFO] IPUIPlugin:80 - create IPUIPlugin
2025-05-26 10:42:47,965 [INFO] PluginManager:220 - loadIPPluginJar : add dfsdm
2025-05-26 10:42:47,972 [INFO] IPUIPlugin:80 - create IPUIPlugin
2025-05-26 10:42:47,973 [INFO] PluginManager:220 - loadIPPluginJar : add dma
2025-05-26 10:42:47,977 [INFO] IPUIPlugin:80 - create IPUIPlugin
2025-05-26 10:42:47,977 [INFO] PluginManager:220 - loadIPPluginJar : add dma3
2025-05-26 10:42:47,981 [INFO] IPUIPlugin:80 - create IPUIPlugin
2025-05-26 10:42:47,982 [INFO] PluginManager:220 - loadIPPluginJar : add extmemmanager
2025-05-26 10:42:47,984 [INFO] IPUIPlugin:80 - create IPUIPlugin
2025-05-26 10:42:47,984 [INFO] PluginManager:220 - loadIPPluginJar : add fatfs
2025-05-26 10:42:47,990 [INFO] IPUIPlugin:80 - create IPUIPlugin
2025-05-26 10:42:47,990 [INFO] PluginManager:220 - loadIPPluginJar : add fmc
2025-05-26 10:42:47,999 [INFO] IPUIPlugin:80 - create IPUIPlugin
2025-05-26 10:42:47,999 [INFO] PluginManager:220 - loadIPPluginJar : add freertos
2025-05-26 10:42:48,001 [INFO] IPUIPlugin:80 - create IPUIPlugin
2025-05-26 10:42:48,001 [INFO] PluginManager:220 - loadIPPluginJar : add genericplugin
2025-05-26 10:42:48,005 [INFO] IPUIPlugin:80 - create IPUIPlugin
2025-05-26 10:42:48,005 [INFO] PluginManager:220 - loadIPPluginJar : add gfxmmu
2025-05-26 10:42:48,011 [INFO] IPUIPlugin:80 - create IPUIPlugin
2025-05-26 10:42:48,011 [INFO] PluginManager:220 - loadIPPluginJar : add gic
2025-05-26 10:42:48,017 [INFO] IPUIPlugin:80 - create IPUIPlugin
2025-05-26 10:42:48,017 [INFO] PluginManager:220 - loadIPPluginJar : add gpio
2025-05-26 10:42:48,021 [INFO] IPUIPlugin:80 - create IPUIPlugin
2025-05-26 10:42:48,021 [INFO] PluginManager:220 - loadIPPluginJar : add gtzc
2025-05-26 10:42:48,024 [INFO] IPUIPlugin:80 - create IPUIPlugin
2025-05-26 10:42:48,024 [INFO] PluginManager:220 - loadIPPluginJar : add hash
2025-05-26 10:42:48,028 [INFO] IPUIPlugin:80 - create IPUIPlugin
2025-05-26 10:42:48,029 [INFO] PluginManager:220 - loadIPPluginJar : add i2c
2025-05-26 10:42:48,032 [INFO] IPUIPlugin:80 - create IPUIPlugin
2025-05-26 10:42:48,033 [INFO] PluginManager:220 - loadIPPluginJar : add i2s
2025-05-26 10:42:48,037 [INFO] IPUIPlugin:80 - create IPUIPlugin
2025-05-26 10:42:48,037 [INFO] PluginManager:220 - loadIPPluginJar : add i3c
2025-05-26 10:42:48,041 [INFO] IPUIPlugin:80 - create IPUIPlugin
2025-05-26 10:42:48,041 [INFO] PluginManager:220 - loadIPPluginJar : add ipddr
2025-05-26 10:42:48,052 [INFO] IPUIPlugin:80 - create IPUIPlugin
2025-05-26 10:42:48,053 [INFO] PluginManager:220 - loadIPPluginJar : add linkedlist
2025-05-26 10:42:48,057 [INFO] IPUIPlugin:80 - create IPUIPlugin
2025-05-26 10:42:48,057 [INFO] PluginManager:220 - loadIPPluginJar : add lorawan
2025-05-26 10:42:48,059 [INFO] IPUIPlugin:80 - create IPUIPlugin
2025-05-26 10:42:48,059 [INFO] PluginManager:220 - loadIPPluginJar : add ltdc
2025-05-26 10:42:48,068 [INFO] IPUIPlugin:80 - create IPUIPlugin
2025-05-26 10:42:48,068 [INFO] PluginManager:220 - loadIPPluginJar : add mdma
2025-05-26 10:42:48,074 [INFO] IPUIPlugin:80 - create IPUIPlugin
2025-05-26 10:42:48,074 [INFO] PluginManager:220 - loadIPPluginJar : add nvic
2025-05-26 10:42:48,079 [INFO] IPUIPlugin:80 - create IPUIPlugin
2025-05-26 10:42:48,079 [INFO] PluginManager:220 - loadIPPluginJar : add opamp
2025-05-26 10:42:48,083 [INFO] IPUIPlugin:80 - create IPUIPlugin
2025-05-26 10:42:48,083 [INFO] PluginManager:220 - loadIPPluginJar : add openamp
2025-05-26 10:42:48,088 [INFO] IPUIPlugin:80 - create IPUIPlugin
2025-05-26 10:42:48,088 [INFO] PluginManager:220 - loadIPPluginJar : add pdm2pcm
2025-05-26 10:42:48,097 [INFO] IPUIPlugin:80 - create IPUIPlugin
2025-05-26 10:42:48,100 [INFO] PluginManager:220 - loadIPPluginJar : add plateformsettings
2025-05-26 10:42:48,103 [INFO] IPUIPlugin:80 - create IPUIPlugin
2025-05-26 10:42:48,103 [INFO] PluginManager:220 - loadIPPluginJar : add quadspi
2025-05-26 10:42:48,106 [INFO] IPUIPlugin:80 - create IPUIPlugin
2025-05-26 10:42:48,107 [INFO] PluginManager:220 - loadIPPluginJar : add radio
2025-05-26 10:42:48,113 [INFO] IPUIPlugin:80 - create IPUIPlugin
2025-05-26 10:42:48,113 [INFO] PluginManager:220 - loadIPPluginJar : add resmgrutility
2025-05-26 10:42:48,117 [INFO] IPUIPlugin:80 - create IPUIPlugin
2025-05-26 10:42:48,118 [INFO] PluginManager:220 - loadIPPluginJar : add sai
2025-05-26 10:42:48,121 [INFO] IPUIPlugin:80 - create IPUIPlugin
2025-05-26 10:42:48,121 [INFO] PluginManager:220 - loadIPPluginJar : add spi
2025-05-26 10:42:48,130 [INFO] IPUIPlugin:80 - create IPUIPlugin
2025-05-26 10:42:48,130 [INFO] PluginManager:220 - loadIPPluginJar : add stm32_wpan
2025-05-26 10:42:48,133 [INFO] IPUIPlugin:80 - create IPUIPlugin
2025-05-26 10:42:48,133 [INFO] PluginManager:220 - loadIPPluginJar : add tim
2025-05-26 10:42:48,138 [INFO] IPUIPlugin:80 - create IPUIPlugin
2025-05-26 10:42:48,138 [INFO] PluginManager:220 - loadIPPluginJar : add touchsensing
2025-05-26 10:42:48,141 [INFO] IPUIPlugin:80 - create IPUIPlugin
2025-05-26 10:42:48,142 [INFO] PluginManager:220 - loadIPPluginJar : add tracer_emb
2025-05-26 10:42:48,144 [INFO] IPUIPlugin:80 - create IPUIPlugin
2025-05-26 10:42:48,144 [INFO] PluginManager:220 - loadIPPluginJar : add ts
2025-05-26 10:42:48,147 [INFO] IPUIPlugin:80 - create IPUIPlugin
2025-05-26 10:42:48,147 [INFO] PluginManager:220 - loadIPPluginJar : add tsc
2025-05-26 10:42:48,150 [INFO] IPUIPlugin:80 - create IPUIPlugin
2025-05-26 10:42:48,150 [INFO] PluginManager:220 - loadIPPluginJar : add ucpd
2025-05-26 10:42:48,154 [INFO] IPUIPlugin:80 - create IPUIPlugin
2025-05-26 10:42:48,154 [INFO] PluginManager:220 - loadIPPluginJar : add usart
2025-05-26 10:42:48,159 [INFO] IPUIPlugin:80 - create IPUIPlugin
2025-05-26 10:42:48,159 [INFO] PluginManager:220 - loadIPPluginJar : add usbx
2025-05-26 10:42:48,324 [FATAL] Updater:351 - Updater called before beeing initialized
2025-05-26 10:42:48,365 [INFO] RulesReader:64 - Compatibility file has been processed (301 Rules)
2025-05-26 10:42:48,383 [INFO] RulesReader:64 - Compatibility file has been processed (301 Rules)
2025-05-26 10:42:48,393 [INFO] CADModel:165 - CPN selected for project level
2025-05-26 10:42:48,393 [INFO] CADModel:114 - Register for checkConnection events
2025-05-26 10:42:48,393 [FATAL] Updater:351 - Updater called before beeing initialized
2025-05-26 10:42:48,393 [ERROR] CADModel:125 - Updater not yet initialized, retry later 
2025-05-26 10:42:48,613 [FATAL] Updater:351 - Updater called before beeing initialized
2025-05-26 10:42:48,616 [INFO] CADModel:165 - CPN selected for project level
2025-05-26 10:42:48,616 [INFO] CADModel:114 - Register for checkConnection events
2025-05-26 10:42:48,616 [FATAL] Updater:351 - Updater called before beeing initialized
2025-05-26 10:42:48,616 [ERROR] CADModel:125 - Updater not yet initialized, retry later 
2025-05-26 10:42:48,621 [FATAL] Updater:351 - Updater called before beeing initialized
2025-05-26 10:42:48,791 [FATAL] Updater:351 - Updater called before beeing initialized
2025-05-26 10:42:48,797 [INFO] DbMcusAds:53 - JSON generation date=Thu Mar 06 17:54:21 MSK 2025 (1741272861825)
2025-05-26 10:42:48,797 [FATAL] Updater:351 - Updater called before beeing initialized
2025-05-26 10:42:48,866 [WARN] DetailPanel:346 - Failed to get advertising image, set to default
2025-05-26 10:42:49,451 [FATAL] Updater:351 - Updater called before beeing initialized
2025-05-26 10:42:49,454 [FATAL] Updater:351 - Updater called before beeing initialized
2025-05-26 10:42:49,454 [FATAL] Updater:351 - Updater called before beeing initialized
2025-05-26 10:42:49,454 [WARN] DetailPanel:346 - Failed to get advertising image, set to default
2025-05-26 10:42:49,456 [FATAL] Updater:351 - Updater called before beeing initialized
2025-05-26 10:42:49,534 [ERROR] Updater:1198 - MainUpdater not yet initialized. External WinMGr cannot be set.
2025-05-26 10:42:49,537 [INFO] Updater:1134 - Updater Version found : 6.14.0
2025-05-26 10:42:49,564 [INFO] ApplicationProperties:184 - Using Application install path: C:\ST\STM32CubeIDE_1.18.0\STM32CubeIDE\plugins\com.st.stm32cube.common.mx_6.14.0.202502271554
2025-05-26 10:42:50,109 [INFO] ThirdPartyUpdaterWithRetryManager:70 - Updater plugin not ready yet. [2/15]
2025-05-26 10:42:51,149 [ERROR] LogOutputStream:75 - [STDERR_REDIRECT] May 26, 2025 10:42:51 AM java.util.prefs.WindowsPreferences <init>
2025-05-26 10:42:51,153 [ERROR] LogOutputStream:75 - [STDERR_REDIRECT] WARNING: Could not open/create prefs root node Software\JavaSoft\Prefs at root 0xffffffff80000002. Windows RegCreateKeyEx(...) returned error code 5.
2025-05-26 10:42:51,153 [ERROR] LogOutputStream:75 - [STDERR_REDIRECT] 
2025-05-26 10:42:51,535 [ERROR] CheckConnectionManager:249 - Problem, Http access forbiden
2025-05-26 10:42:51,540 [INFO] MainUpdater:2872 - connection check result : 22
2025-05-26 10:42:51,541 [INFO] MainUpdater:289 - Updater Check For Update Now.
2025-05-26 10:42:51,541 [INFO] MicroXplorer:498 - Change Database Version : DB.6.0.140
2025-05-26 10:42:51,549 [INFO] McuFinderGlobals:63 - Set McuFinder mode to 2 (CubeIDE integrated)
2025-05-26 10:42:51,550 [INFO] UserAuth:486 - Internet connection configuration mode: 2
2025-05-26 10:42:51,554 [INFO] UserAuth:486 - Internet connection configuration mode: 2
2025-05-26 10:42:51,763 [INFO] CheckServerUpdateThread:120 - End of CheckServer Thread
2025-05-26 10:42:53,240 [INFO] ThirdParty:978 - Integrity check success = true
2025-05-26 10:42:53,240 [INFO] IntegrityCheckThread:100 - exiting critical section [integrity check]
2025-05-26 10:42:53,240 [INFO] IntegrityCheckThread:103 - End integrity checks thread
