2025-06-11 12:20:12,386 [INFO] Activator:176 - 


2025-06-11 12:20:12,396 [INFO] Activator:177 - !SESSION log4j initialized
2025-06-11 12:20:21,483 [INFO] LogOutputStream:77 - [STDOUT_REDIRECT] 
2025-06-11 12:20:23,899 [INFO] ApplicationProperties:184 - Using Application install path: C:\ST\STM32CubeIDE_1.18.0\STM32CubeIDE\plugins\com.st.stm32cube.common.mx_6.14.0.202502271554
2025-06-11 12:20:23,929 [INFO] DbMcusXml:78 - Set database path to: C:\ST\STM32CubeIDE_1.18.0\STM32CubeIDE\plugins\com.st.stm32cube.common.mx_6.14.0.202502271554\\db\/mcu/
2025-06-11 12:20:23,930 [INFO] ApiDb:274 - Set plugin database path to: C:\ST\STM32CubeIDE_1.18.0\STM32CubeIDE\plugins\com.st.stm32cube.common.mx_6.14.0.202502271554\\db\/plugins/boardmanager/
2025-06-11 12:20:23,930 [WARN] ApiDb:259 - Overriding images path with different value:  => C:\ST\STM32CubeIDE_1.18.0\STM32CubeIDE\plugins\com.st.stm32cube.common.mx_6.14.0.202502271554\\db\/plugins/mcufinder/images/
2025-06-11 12:20:23,941 [INFO] ApiDb:250 - Set database path to: C:\Users\User03\.stmcufinder\plugins\mcufinder//mcu/
2025-06-11 12:20:23,943 [INFO] DbMcusAds:125 - Set database path to: C:\Users\User03\.stmcufinder\plugins\mcufinder//mcu/
2025-06-11 12:20:23,947 [INFO] CrossReferenceDbSqlite:203 - Set database path to: C:\Users\User03\.stmcufinder\plugins\mcufinder//mcu/cs/
2025-06-11 12:20:24,150 [INFO] RulesReader:64 - Compatibility file has been processed (301 Rules)
2025-06-11 12:20:24,280 [INFO] DbMcusXml:78 - Set database path to: C:\ST\STM32CubeIDE_1.18.0\STM32CubeIDE\plugins\com.st.stm32cube.common.mx_6.14.0.202502271554\\db\/mcu/
2025-06-11 12:20:24,280 [INFO] ApiDb:274 - Set plugin database path to: C:\ST\STM32CubeIDE_1.18.0\STM32CubeIDE\plugins\com.st.stm32cube.common.mx_6.14.0.202502271554\\db\/plugins/boardmanager/
2025-06-11 12:20:24,281 [INFO] ApiDb:261 - Set plugin images path to: C:\ST\STM32CubeIDE_1.18.0\STM32CubeIDE\plugins\com.st.stm32cube.common.mx_6.14.0.202502271554\\db\/plugins/mcufinder/images/
2025-06-11 12:20:24,281 [WARN] DbFile:41 - Overriding database path with different value: C:\Users\User03\.stmcufinder\plugins\mcufinder/ => C:\Users\User03\.stmcufinder\plugins\mcufinder
2025-06-11 12:20:24,281 [INFO] ApiDb:250 - Set database path to: C:\Users\User03\.stmcufinder\plugins\mcufinder//mcu/
2025-06-11 12:20:24,281 [WARN] DbFile:41 - Overriding database path with different value: C:\Users\User03\.stmcufinder\plugins\mcufinder/ => C:\Users\User03\.stmcufinder\plugins\mcufinder
2025-06-11 12:20:24,281 [INFO] DbMcusAds:125 - Set database path to: C:\Users\User03\.stmcufinder\plugins\mcufinder//mcu/
2025-06-11 12:20:24,282 [WARN] DbFile:41 - Overriding database path with different value: C:\Users\User03\.stmcufinder\plugins\mcufinder/ => C:\Users\User03\.stmcufinder\plugins\mcufinder
2025-06-11 12:20:24,282 [WARN] DbFile:41 - Overriding database path with different value: C:\Users\User03\.stmcufinder\plugins\mcufinder/ => C:\Users\User03\.stmcufinder\plugins\mcufinder
2025-06-11 12:20:24,282 [INFO] CrossReferenceDbSqlite:203 - Set database path to: C:\Users\User03\.stmcufinder\plugins\mcufinder//mcu/cs/
2025-06-11 12:20:24,399 [INFO] MainPanel:272 - HeapMemory: 268435456
2025-06-11 12:20:24,563 [INFO] DbMcusXml:78 - Set database path to: C:\ST\STM32CubeIDE_1.18.0\STM32CubeIDE\plugins\com.st.stm32cube.common.mx_6.14.0.202502271554\\db\/mcu/
2025-06-11 12:20:24,563 [INFO] ApiDb:274 - Set plugin database path to: C:\ST\STM32CubeIDE_1.18.0\STM32CubeIDE\plugins\com.st.stm32cube.common.mx_6.14.0.202502271554\\db\/plugins/boardmanager/
2025-06-11 12:20:24,564 [INFO] ApiDb:261 - Set plugin images path to: C:\ST\STM32CubeIDE_1.18.0\STM32CubeIDE\plugins\com.st.stm32cube.common.mx_6.14.0.202502271554\\db\/plugins/mcufinder/images/
2025-06-11 12:20:24,564 [WARN] DbFile:41 - Overriding database path with different value: C:\Users\User03\.stmcufinder\plugins\mcufinder/ => C:\Users\User03\.stmcufinder\plugins\mcufinder
2025-06-11 12:20:24,564 [INFO] ApiDb:250 - Set database path to: C:\Users\User03\.stmcufinder\plugins\mcufinder//mcu/
2025-06-11 12:20:24,565 [WARN] DbFile:41 - Overriding database path with different value: C:\Users\User03\.stmcufinder\plugins\mcufinder/ => C:\Users\User03\.stmcufinder\plugins\mcufinder
2025-06-11 12:20:24,565 [INFO] DbMcusAds:125 - Set database path to: C:\Users\User03\.stmcufinder\plugins\mcufinder//mcu/
2025-06-11 12:20:24,565 [WARN] DbFile:41 - Overriding database path with different value: C:\Users\User03\.stmcufinder\plugins\mcufinder/ => C:\Users\User03\.stmcufinder\plugins\mcufinder
2025-06-11 12:20:24,565 [WARN] DbFile:41 - Overriding database path with different value: C:\Users\User03\.stmcufinder\plugins\mcufinder/ => C:\Users\User03\.stmcufinder\plugins\mcufinder
2025-06-11 12:20:24,565 [INFO] CrossReferenceDbSqlite:203 - Set database path to: C:\Users\User03\.stmcufinder\plugins\mcufinder//mcu/cs/
2025-06-11 12:20:24,596 [INFO] ApplicationProperties:184 - Using Application install path: C:\ST\STM32CubeIDE_1.18.0\STM32CubeIDE\plugins\com.st.stm32cube.common.mx_6.14.0.202502271554
2025-06-11 12:20:24,598 [INFO] PluginManage:196 - Search for loadable plugins [exclusion list=, ]
2025-06-11 12:20:24,601 [INFO] PluginManage:310 - Check plugin analytics
2025-06-11 12:20:24,927 [INFO] AnalyticsPlugin:253 - Accepted Software Licenses: STM32CubeMX.6.14.0
2025-06-11 12:20:24,927 [INFO] AnalyticsPlugin:255 - Accepted CMSIS Pack Licenses: 
2025-06-11 12:20:24,927 [INFO] AnalyticsPlugin:257 - Accepted Firmware Licenses: FW.L4.1.18.0
2025-06-11 12:20:24,931 [INFO] PluginManage:359 - Loaded plugin analytics (category:tool,tabindex:-1)
2025-06-11 12:20:24,931 [INFO] PluginManage:310 - Check plugin cadmodel
2025-06-11 12:20:24,939 [INFO] CADModel:105 - Init CAD model plugin
2025-06-11 12:20:24,939 [INFO] PluginManage:359 - Loaded plugin cadmodel (category:power,tabindex:5)
2025-06-11 12:20:24,940 [INFO] PluginManage:310 - Check plugin clock
2025-06-11 12:20:24,954 [INFO] PluginManage:359 - Loaded plugin clock (category:base,tabindex:2)
2025-06-11 12:20:24,955 [INFO] PluginManage:310 - Check plugin ddr
2025-06-11 12:20:24,958 [INFO] PluginManage:359 - Loaded plugin ddr (category:tool,tabindex:6)
2025-06-11 12:20:24,958 [INFO] PluginManage:310 - Check plugin filemanager
2025-06-11 12:20:25,195 [INFO] PluginManage:359 - Loaded plugin filemanager (category:base,tabindex:10)
2025-06-11 12:20:25,195 [INFO] PluginManage:310 - Check plugin ipmanager
2025-06-11 12:20:25,206 [INFO] PluginManage:359 - Loaded plugin ipmanager (category:base,tabindex:5)
2025-06-11 12:20:25,206 [INFO] PluginManage:310 - Check plugin lpbam
2025-06-11 12:20:25,218 [INFO] PluginManage:359 - Loaded plugin lpbam (category:base,tabindex:0)
2025-06-11 12:20:25,218 [INFO] PluginManage:310 - Check plugin memorymap
2025-06-11 12:20:25,240 [INFO] PluginManage:359 - Loaded plugin memorymap (category:base,tabindex:4)
2025-06-11 12:20:25,240 [INFO] PluginManage:310 - Check plugin pinoutandconfiguration
2025-06-11 12:20:25,253 [INFO] PluginManage:359 - Loaded plugin pinoutandconfiguration (category:base,tabindex:1)
2025-06-11 12:20:25,254 [INFO] PluginManage:310 - Check plugin pinoutconfig
2025-06-11 12:20:25,401 [WARN] SupportedApi:132 - Cannot load RTOS API schema: s4s-elt-must-match.1: The content of 'definitions' must match (annotation?, (simpleType | complexType)?, (unique | key | keyref)*)). A problem was found starting at: attribute.
2025-06-11 12:20:25,624 [INFO] PluginManage:359 - Loaded plugin pinoutconfig (category:base,tabindex:0)
2025-06-11 12:20:25,625 [INFO] PluginManage:310 - Check plugin power
2025-06-11 12:20:25,639 [INFO] PluginManage:359 - Loaded plugin power (category:power,tabindex:4)
2025-06-11 12:20:25,640 [INFO] PluginManage:310 - Check plugin projectmanager
2025-06-11 12:20:25,664 [INFO] PluginManage:359 - Loaded plugin projectmanager (category:projectmanager,tabindex:4)
2025-06-11 12:20:25,664 [INFO] PluginManage:310 - Check plugin rif
2025-06-11 12:20:25,676 [INFO] PluginManage:359 - Loaded plugin rif (category:base,tabindex:3)
2025-06-11 12:20:25,676 [INFO] PluginManage:310 - Check plugin thirdparty
2025-06-11 12:20:25,885 [INFO] PluginManage:359 - Loaded plugin thirdparty (category:base,tabindex:-1)
2025-06-11 12:20:25,885 [WARN] IntegrityCheckThread:84 - waiting for thirdparty lock release [integrity check]
2025-06-11 12:20:25,885 [INFO] PluginManage:310 - Check plugin tools
2025-06-11 12:20:25,886 [INFO] IntegrityCheckThread:86 - entering critical section [integrity check]
2025-06-11 12:20:25,886 [INFO] ThirdPartyUpdaterWithRetryManager:70 - Updater plugin not ready yet. [1/15]
2025-06-11 12:20:25,889 [INFO] PluginManage:359 - Loaded plugin tools (category:base,tabindex:7)
2025-06-11 12:20:25,890 [INFO] PluginManage:310 - Check plugin tutovideos
2025-06-11 12:20:26,197 [INFO] PluginManage:359 - Loaded plugin tutovideos (category:base,tabindex:-1)
2025-06-11 12:20:26,197 [INFO] PluginManage:310 - Check plugin updater
2025-06-11 12:20:26,233 [INFO] PluginManage:359 - Loaded plugin updater (category:base,tabindex:12)
2025-06-11 12:20:26,233 [INFO] PluginManage:310 - Check plugin userauth
2025-06-11 12:20:26,239 [INFO] UserAuth:118 - Init User Auth plugin
2025-06-11 12:20:26,240 [INFO] PluginManage:359 - Loaded plugin userauth (category:base,tabindex:14)
2025-06-11 12:20:26,240 [INFO] PluginManage:283 - PluginManage : Loaded plugins [18]
2025-06-11 12:20:26,563 [INFO] PinOutPanel:1589 - setPackage(No Configuration,No Configuration)
2025-06-11 12:20:26,693 [INFO] CADModel:165 - CPN selected for project level
2025-06-11 12:20:26,693 [INFO] CADModel:114 - Register for checkConnection events
2025-06-11 12:20:26,720 [INFO] IPUIPlugin:80 - create IPUIPlugin
2025-06-11 12:20:26,720 [INFO] PluginManager:220 - loadIPPluginJar : add adc
2025-06-11 12:20:26,724 [INFO] IPUIPlugin:80 - create IPUIPlugin
2025-06-11 12:20:26,724 [INFO] PluginManager:220 - loadIPPluginJar : add aes
2025-06-11 12:20:26,728 [INFO] IPUIPlugin:80 - create IPUIPlugin
2025-06-11 12:20:26,729 [INFO] PluginManager:220 - loadIPPluginJar : add can
2025-06-11 12:20:26,731 [INFO] IPUIPlugin:80 - create IPUIPlugin
2025-06-11 12:20:26,731 [INFO] PluginManager:220 - loadIPPluginJar : add comp
2025-06-11 12:20:26,735 [INFO] IPUIPlugin:80 - create IPUIPlugin
2025-06-11 12:20:26,735 [INFO] PluginManager:220 - loadIPPluginJar : add cryp
2025-06-11 12:20:26,740 [INFO] IPUIPlugin:80 - create IPUIPlugin
2025-06-11 12:20:26,741 [INFO] PluginManager:220 - loadIPPluginJar : add ddr_ctrl_phy
2025-06-11 12:20:26,744 [INFO] IPUIPlugin:80 - create IPUIPlugin
2025-06-11 12:20:26,745 [INFO] PluginManager:220 - loadIPPluginJar : add dfsdm
2025-06-11 12:20:26,753 [INFO] IPUIPlugin:80 - create IPUIPlugin
2025-06-11 12:20:26,754 [INFO] PluginManager:220 - loadIPPluginJar : add dma
2025-06-11 12:20:26,758 [INFO] IPUIPlugin:80 - create IPUIPlugin
2025-06-11 12:20:26,758 [INFO] PluginManager:220 - loadIPPluginJar : add dma3
2025-06-11 12:20:26,762 [INFO] IPUIPlugin:80 - create IPUIPlugin
2025-06-11 12:20:26,762 [INFO] PluginManager:220 - loadIPPluginJar : add extmemmanager
2025-06-11 12:20:26,765 [INFO] IPUIPlugin:80 - create IPUIPlugin
2025-06-11 12:20:26,765 [INFO] PluginManager:220 - loadIPPluginJar : add fatfs
2025-06-11 12:20:26,772 [INFO] IPUIPlugin:80 - create IPUIPlugin
2025-06-11 12:20:26,772 [INFO] PluginManager:220 - loadIPPluginJar : add fmc
2025-06-11 12:20:26,781 [INFO] IPUIPlugin:80 - create IPUIPlugin
2025-06-11 12:20:26,782 [INFO] PluginManager:220 - loadIPPluginJar : add freertos
2025-06-11 12:20:26,784 [INFO] IPUIPlugin:80 - create IPUIPlugin
2025-06-11 12:20:26,784 [INFO] PluginManager:220 - loadIPPluginJar : add genericplugin
2025-06-11 12:20:26,787 [INFO] IPUIPlugin:80 - create IPUIPlugin
2025-06-11 12:20:26,788 [INFO] PluginManager:220 - loadIPPluginJar : add gfxmmu
2025-06-11 12:20:26,794 [INFO] IPUIPlugin:80 - create IPUIPlugin
2025-06-11 12:20:26,794 [INFO] PluginManager:220 - loadIPPluginJar : add gic
2025-06-11 12:20:26,800 [INFO] IPUIPlugin:80 - create IPUIPlugin
2025-06-11 12:20:26,801 [INFO] PluginManager:220 - loadIPPluginJar : add gpio
2025-06-11 12:20:26,805 [INFO] IPUIPlugin:80 - create IPUIPlugin
2025-06-11 12:20:26,805 [INFO] PluginManager:220 - loadIPPluginJar : add gtzc
2025-06-11 12:20:26,809 [INFO] IPUIPlugin:80 - create IPUIPlugin
2025-06-11 12:20:26,809 [INFO] PluginManager:220 - loadIPPluginJar : add hash
2025-06-11 12:20:26,812 [INFO] IPUIPlugin:80 - create IPUIPlugin
2025-06-11 12:20:26,812 [INFO] PluginManager:220 - loadIPPluginJar : add i2c
2025-06-11 12:20:26,816 [INFO] IPUIPlugin:80 - create IPUIPlugin
2025-06-11 12:20:26,816 [INFO] PluginManager:220 - loadIPPluginJar : add i2s
2025-06-11 12:20:26,820 [INFO] IPUIPlugin:80 - create IPUIPlugin
2025-06-11 12:20:26,821 [INFO] PluginManager:220 - loadIPPluginJar : add i3c
2025-06-11 12:20:26,825 [INFO] IPUIPlugin:80 - create IPUIPlugin
2025-06-11 12:20:26,825 [INFO] PluginManager:220 - loadIPPluginJar : add ipddr
2025-06-11 12:20:26,836 [INFO] IPUIPlugin:80 - create IPUIPlugin
2025-06-11 12:20:26,837 [INFO] PluginManager:220 - loadIPPluginJar : add linkedlist
2025-06-11 12:20:26,841 [INFO] IPUIPlugin:80 - create IPUIPlugin
2025-06-11 12:20:26,841 [INFO] PluginManager:220 - loadIPPluginJar : add lorawan
2025-06-11 12:20:26,843 [INFO] IPUIPlugin:80 - create IPUIPlugin
2025-06-11 12:20:26,843 [INFO] PluginManager:220 - loadIPPluginJar : add ltdc
2025-06-11 12:20:26,851 [INFO] IPUIPlugin:80 - create IPUIPlugin
2025-06-11 12:20:26,851 [INFO] PluginManager:220 - loadIPPluginJar : add mdma
2025-06-11 12:20:26,856 [INFO] IPUIPlugin:80 - create IPUIPlugin
2025-06-11 12:20:26,856 [INFO] PluginManager:220 - loadIPPluginJar : add nvic
2025-06-11 12:20:26,861 [INFO] IPUIPlugin:80 - create IPUIPlugin
2025-06-11 12:20:26,861 [INFO] PluginManager:220 - loadIPPluginJar : add opamp
2025-06-11 12:20:26,866 [INFO] IPUIPlugin:80 - create IPUIPlugin
2025-06-11 12:20:26,866 [INFO] PluginManager:220 - loadIPPluginJar : add openamp
2025-06-11 12:20:26,870 [INFO] IPUIPlugin:80 - create IPUIPlugin
2025-06-11 12:20:26,870 [INFO] PluginManager:220 - loadIPPluginJar : add pdm2pcm
2025-06-11 12:20:26,879 [INFO] IPUIPlugin:80 - create IPUIPlugin
2025-06-11 12:20:26,883 [INFO] PluginManager:220 - loadIPPluginJar : add plateformsettings
2025-06-11 12:20:26,885 [INFO] IPUIPlugin:80 - create IPUIPlugin
2025-06-11 12:20:26,885 [INFO] PluginManager:220 - loadIPPluginJar : add quadspi
2025-06-11 12:20:26,888 [INFO] IPUIPlugin:80 - create IPUIPlugin
2025-06-11 12:20:26,889 [INFO] PluginManager:220 - loadIPPluginJar : add radio
2025-06-11 12:20:26,895 [INFO] IPUIPlugin:80 - create IPUIPlugin
2025-06-11 12:20:26,895 [INFO] PluginManager:220 - loadIPPluginJar : add resmgrutility
2025-06-11 12:20:26,900 [INFO] IPUIPlugin:80 - create IPUIPlugin
2025-06-11 12:20:26,900 [INFO] PluginManager:220 - loadIPPluginJar : add sai
2025-06-11 12:20:26,903 [INFO] IPUIPlugin:80 - create IPUIPlugin
2025-06-11 12:20:26,903 [INFO] PluginManager:220 - loadIPPluginJar : add spi
2025-06-11 12:20:26,912 [INFO] IPUIPlugin:80 - create IPUIPlugin
2025-06-11 12:20:26,912 [INFO] PluginManager:220 - loadIPPluginJar : add stm32_wpan
2025-06-11 12:20:26,915 [INFO] IPUIPlugin:80 - create IPUIPlugin
2025-06-11 12:20:26,915 [INFO] PluginManager:220 - loadIPPluginJar : add tim
2025-06-11 12:20:26,919 [INFO] IPUIPlugin:80 - create IPUIPlugin
2025-06-11 12:20:26,920 [INFO] PluginManager:220 - loadIPPluginJar : add touchsensing
2025-06-11 12:20:26,923 [INFO] IPUIPlugin:80 - create IPUIPlugin
2025-06-11 12:20:26,923 [INFO] PluginManager:220 - loadIPPluginJar : add tracer_emb
2025-06-11 12:20:26,926 [INFO] IPUIPlugin:80 - create IPUIPlugin
2025-06-11 12:20:26,926 [INFO] PluginManager:220 - loadIPPluginJar : add ts
2025-06-11 12:20:26,929 [INFO] IPUIPlugin:80 - create IPUIPlugin
2025-06-11 12:20:26,929 [INFO] PluginManager:220 - loadIPPluginJar : add tsc
2025-06-11 12:20:26,932 [INFO] IPUIPlugin:80 - create IPUIPlugin
2025-06-11 12:20:26,932 [INFO] PluginManager:220 - loadIPPluginJar : add ucpd
2025-06-11 12:20:26,936 [INFO] IPUIPlugin:80 - create IPUIPlugin
2025-06-11 12:20:26,937 [INFO] PluginManager:220 - loadIPPluginJar : add usart
2025-06-11 12:20:26,942 [INFO] IPUIPlugin:80 - create IPUIPlugin
2025-06-11 12:20:26,942 [INFO] PluginManager:220 - loadIPPluginJar : add usbx
2025-06-11 12:20:27,111 [FATAL] Updater:351 - Updater called before beeing initialized
2025-06-11 12:20:27,154 [INFO] RulesReader:64 - Compatibility file has been processed (301 Rules)
2025-06-11 12:20:27,174 [INFO] RulesReader:64 - Compatibility file has been processed (301 Rules)
2025-06-11 12:20:27,183 [INFO] CADModel:165 - CPN selected for project level
2025-06-11 12:20:27,183 [INFO] CADModel:114 - Register for checkConnection events
2025-06-11 12:20:27,184 [FATAL] Updater:351 - Updater called before beeing initialized
2025-06-11 12:20:27,184 [ERROR] CADModel:125 - Updater not yet initialized, retry later 
2025-06-11 12:20:27,419 [FATAL] Updater:351 - Updater called before beeing initialized
2025-06-11 12:20:27,422 [INFO] CADModel:165 - CPN selected for project level
2025-06-11 12:20:27,422 [INFO] CADModel:114 - Register for checkConnection events
2025-06-11 12:20:27,422 [FATAL] Updater:351 - Updater called before beeing initialized
2025-06-11 12:20:27,423 [ERROR] CADModel:125 - Updater not yet initialized, retry later 
2025-06-11 12:20:27,427 [FATAL] Updater:351 - Updater called before beeing initialized
2025-06-11 12:20:27,596 [FATAL] Updater:351 - Updater called before beeing initialized
2025-06-11 12:20:27,604 [INFO] DbMcusAds:53 - JSON generation date=Thu Mar 06 17:54:21 MSK 2025 (1741272861825)
2025-06-11 12:20:27,604 [FATAL] Updater:351 - Updater called before beeing initialized
2025-06-11 12:20:27,673 [WARN] DetailPanel:346 - Failed to get advertising image, set to default
2025-06-11 12:20:28,238 [FATAL] Updater:351 - Updater called before beeing initialized
2025-06-11 12:20:28,241 [FATAL] Updater:351 - Updater called before beeing initialized
2025-06-11 12:20:28,241 [FATAL] Updater:351 - Updater called before beeing initialized
2025-06-11 12:20:28,241 [WARN] DetailPanel:346 - Failed to get advertising image, set to default
2025-06-11 12:20:28,242 [FATAL] Updater:351 - Updater called before beeing initialized
2025-06-11 12:20:28,324 [ERROR] Updater:1198 - MainUpdater not yet initialized. External WinMGr cannot be set.
2025-06-11 12:20:28,328 [INFO] Updater:1134 - Updater Version found : 6.14.0
2025-06-11 12:20:28,361 [INFO] ApplicationProperties:184 - Using Application install path: C:\ST\STM32CubeIDE_1.18.0\STM32CubeIDE\plugins\com.st.stm32cube.common.mx_6.14.0.202502271554
2025-06-11 12:20:28,887 [INFO] ThirdPartyUpdaterWithRetryManager:70 - Updater plugin not ready yet. [2/15]
2025-06-11 12:20:29,946 [ERROR] LogOutputStream:75 - [STDERR_REDIRECT] Jun 11, 2025 12:20:29 PM java.util.prefs.WindowsPreferences <init>
2025-06-11 12:20:29,951 [ERROR] LogOutputStream:75 - [STDERR_REDIRECT] WARNING: Could not open/create prefs root node Software\JavaSoft\Prefs at root 0xffffffff80000002. Windows RegCreateKeyEx(...) returned error code 5.
2025-06-11 12:20:29,951 [ERROR] LogOutputStream:75 - [STDERR_REDIRECT] 
2025-06-11 12:20:30,547 [ERROR] CheckConnectionManager:249 - Problem, Http access forbiden
2025-06-11 12:20:30,554 [INFO] MainUpdater:2872 - connection check result : 22
2025-06-11 12:20:30,556 [INFO] MainUpdater:289 - Updater Check For Update Now.
2025-06-11 12:20:30,556 [INFO] MicroXplorer:498 - Change Database Version : DB.6.0.140
2025-06-11 12:20:30,566 [INFO] McuFinderGlobals:63 - Set McuFinder mode to 2 (CubeIDE integrated)
2025-06-11 12:20:30,567 [INFO] UserAuth:486 - Internet connection configuration mode: 2
2025-06-11 12:20:30,571 [INFO] UserAuth:486 - Internet connection configuration mode: 2
2025-06-11 12:20:30,788 [INFO] CheckServerUpdateThread:120 - End of CheckServer Thread
2025-06-11 12:20:32,027 [INFO] ThirdParty:978 - Integrity check success = true
2025-06-11 12:20:32,027 [INFO] IntegrityCheckThread:100 - exiting critical section [integrity check]
2025-06-11 12:20:32,028 [INFO] IntegrityCheckThread:103 - End integrity checks thread
