2025-05-16 10:33:18,205 [INFO] Gpio:277 - dependency for GPIO [ADC1, ADC2, ADC3, DCMI, DFSDM1, FMC, I2C1, I2C2, LPUART1, QUADSPI, RCC, SAI1, SDMMC1, SPI1, SPI2, SYS, USART1, USART2, USB_OTG_FS]
2025-05-16 10:34:15,630 [INFO] Gpio:277 - dependency for GPIO [ADC1, ADC2, ADC3, DCMI, DFSDM1, FMC, I2C1, I2C2, LPUART1, QUADSPI, RCC, SAI1, SDMMC1, SPI1, SPI2, SYS, USART1, USART2, USB_OTG_FS]
2025-05-16 10:34:24,842 [INFO] Gpio:277 - dependency for GPIO [ADC1, ADC2, ADC3, DCMI, DFSDM1, FMC, I2C1, I2C2, LPUART1, QUADSPI, RCC, SAI1, SDMMC1, SPI1, SPI2, SYS, USART1, USART2, USB_OTG_FS]
2025-05-16 10:34:55,872 [INFO] ParamManager:896 - [Generic UI] PropertyChangeEvent: TAB_STATUS_CHANGED , "dont care", "never mind"
2025-05-16 10:36:17,314 [INFO] ParamManager:896 - [Generic UI] PropertyChangeEvent: TAB_STATUS_CHANGED , "dont care", "never mind"
2025-05-16 10:36:21,355 [INFO] ParamManager:896 - [Generic UI] PropertyChangeEvent: TAB_STATUS_CHANGED , "dont care", "never mind"
2025-05-16 10:37:54,422 [INFO] ParamManager:896 - [Generic UI] PropertyChangeEvent: TAB_STATUS_CHANGED , "dont care", "never mind"
2025-05-16 10:38:13,701 [INFO] ParamManager:896 - [Generic UI] PropertyChangeEvent: TAB_STATUS_CHANGED , "dont care", "never mind"
2025-05-16 10:43:15,579 [INFO] UtilMem:75 - End SaveConfig() Used Memory: 702420824 Bytes (1039138816)
2025-05-16 10:43:19,147 [INFO] UtilMem:75 - End SaveConfig() Used Memory: 742760512 Bytes (1039138816)
2025-05-16 10:43:19,979 [INFO] ProjectBuilder:2382 - IP not ready for code generation: RCC
2025-05-16 10:43:46,049 [INFO] ParamManager:896 - [Generic UI] PropertyChangeEvent: TAB_STATUS_CHANGED , "dont care", "never mind"
2025-05-16 10:43:52,160 [INFO] UtilMem:75 - End SaveConfig() Used Memory: 909759928 Bytes (1039138816)
2025-05-16 10:44:07,571 [INFO] UtilMem:75 - End SaveConfig() Used Memory: 948035000 Bytes (1039138816)
2025-05-16 10:44:07,974 [INFO] BlockDiagram:2775 - set Specific Code input for plugin: SPI
2025-05-16 10:44:07,974 [INFO] BlockDiagram:2775 - set Specific Code input for plugin: SPI
2025-05-16 10:44:07,974 [INFO] BlockDiagram:2775 - set Specific Code input for plugin: DFSDM
2025-05-16 10:44:07,974 [INFO] BlockDiagram:2775 - set Specific Code input for plugin: USB_DEVICE
2025-05-16 10:44:07,974 [INFO] BlockDiagram:2775 - set Specific Code input for plugin: ADC
2025-05-16 10:44:07,974 [INFO] BlockDiagram:2775 - set Specific Code input for plugin: SYS
2025-05-16 10:44:07,974 [INFO] BlockDiagram:2775 - set Specific Code input for plugin: ADC
2025-05-16 10:44:07,974 [INFO] BlockDiagram:2775 - set Specific Code input for plugin: ADC
2025-05-16 10:44:07,974 [INFO] BlockDiagram:2775 - set Specific Code input for plugin: RCC
2025-05-16 10:44:07,974 [INFO] BlockDiagram:2775 - set Specific Code input for plugin: I2C
2025-05-16 10:44:07,974 [INFO] BlockDiagram:2775 - set Specific Code input for plugin: LPUART
2025-05-16 10:44:07,974 [INFO] BlockDiagram:2775 - set Specific Code input for plugin: I2C
2025-05-16 10:44:07,974 [INFO] BlockDiagram:2775 - set Specific Code input for plugin: SDMMC
2025-05-16 10:44:07,974 [INFO] BlockDiagram:2775 - set Specific Code input for plugin: DCMI
2025-05-16 10:44:07,974 [INFO] BlockDiagram:2775 - set Specific Code input for plugin: USB_OTG_FS
2025-05-16 10:44:07,974 [INFO] BlockDiagram:2775 - set Specific Code input for plugin: NVIC
2025-05-16 10:44:07,974 [INFO] BlockDiagram:2775 - set Specific Code input for plugin: USART
2025-05-16 10:44:07,974 [INFO] BlockDiagram:2775 - set Specific Code input for plugin: USART
2025-05-16 10:44:07,974 [INFO] BlockDiagram:2775 - set Specific Code input for plugin: FMC
2025-05-16 10:44:07,976 [INFO] BlockDiagram:2775 - set Specific Code input for plugin: GPIO
2025-05-16 10:44:07,976 [INFO] BlockDiagram:2775 - set Specific Code input for plugin: SAI
2025-05-16 10:44:07,976 [INFO] BlockDiagram:2775 - set Specific Code input for plugin: QUADSPI
2025-05-16 10:44:07,977 [INFO] CodeGenerator:882 - code generatio: config db path: C:\ST\STM32CubeIDE_1.18.0\STM32CubeIDE\plugins\com.st.stm32cube.common.mx_6.14.0.202502271554\\db\
2025-05-16 10:44:08,441 [INFO] CodeEngine:263 - oldGeneratedFile, C:\Users\User03\Desktop\STM32\LED_blink\MXTmpFiles\license.tmp_save
2025-05-16 10:44:08,865 [INFO] CodeEngine:287 - Generated code: C:\Users\User03\Desktop\STM32\LED_blink\MXTmpFiles\license.tmp
2025-05-16 10:44:09,513 [INFO] CodeEngine:263 - oldGeneratedFile, C:\Users\User03\Desktop\STM32\LED_blink\MXTmpFiles\gpio.tmp_save
2025-05-16 10:44:09,763 [INFO] CodeEngine:287 - Generated code: C:\Users\User03\Desktop\STM32\LED_blink\MXTmpFiles\gpio.tmp
2025-05-16 10:44:10,992 [WARN] IPConfigManager:3174 - Warning: the RefConfig PWREx_EnableUSBVoltageDetector is not available in your config.xml file
2025-05-16 10:44:11,006 [INFO] CodeEngine:263 - oldGeneratedFile, C:\Users\User03\Desktop\STM32\LED_blink\MXTmpFiles\usb_otg_fs_vars.tmp_save
2025-05-16 10:44:11,213 [INFO] CodeEngine:287 - Generated code: C:\Users\User03\Desktop\STM32\LED_blink\MXTmpFiles\usb_otg_fs_vars.tmp
2025-05-16 10:44:11,213 [INFO] CodeEngine:263 - oldGeneratedFile, C:\Users\User03\Desktop\STM32\LED_blink\MXTmpFiles\usb_otg_fs_inc.tmp_save
2025-05-16 10:44:11,354 [INFO] CodeEngine:287 - Generated code: C:\Users\User03\Desktop\STM32\LED_blink\MXTmpFiles\usb_otg_fs_inc.tmp
2025-05-16 10:44:11,360 [INFO] CodeEngine:263 - oldGeneratedFile, C:\Users\User03\Desktop\STM32\LED_blink\MXTmpFiles\usb_otg_fs_HalInit.tmp_save
2025-05-16 10:44:11,540 [INFO] CodeEngine:287 - Generated code: C:\Users\User03\Desktop\STM32\LED_blink\MXTmpFiles\usb_otg_fs_HalInit.tmp
2025-05-16 10:44:11,547 [INFO] CodeEngine:263 - oldGeneratedFile, C:\Users\User03\Desktop\STM32\LED_blink\MXTmpFiles\usb_otg_fs_Msp.tmp_save
2025-05-16 10:44:11,751 [INFO] CodeEngine:287 - Generated code: C:\Users\User03\Desktop\STM32\LED_blink\MXTmpFiles\usb_otg_fs_Msp.tmp
2025-05-16 10:44:23,080 [INFO] Middleware:1452 - No code input for Bsp Dependency
2025-05-16 10:44:23,099 [INFO] CodeEngine:263 - oldGeneratedFile, C:\Users\User03\Desktop\STM32\LED_blink\MXTmpFiles\mx_fmc_HC.tmp_save
2025-05-16 10:44:23,234 [INFO] CodeEngine:287 - Generated code: C:\Users\User03\Desktop\STM32\LED_blink\MXTmpFiles\mx_fmc_HC.tmp
2025-05-16 10:44:23,240 [INFO] CodeEngine:263 - oldGeneratedFile, C:\Users\User03\Desktop\STM32\LED_blink\MXTmpFiles\mx_fmc_GV.tmp_save
2025-05-16 10:44:23,346 [INFO] CodeEngine:287 - Generated code: C:\Users\User03\Desktop\STM32\LED_blink\MXTmpFiles\mx_fmc_GV.tmp
2025-05-16 10:44:23,352 [INFO] CodeEngine:263 - oldGeneratedFile, C:\Users\User03\Desktop\STM32\LED_blink\MXTmpFiles\mx_fmc_MSP.tmp_save
2025-05-16 10:44:23,475 [INFO] CodeEngine:287 - Generated code: C:\Users\User03\Desktop\STM32\LED_blink\MXTmpFiles\mx_fmc_MSP.tmp
2025-05-16 10:44:23,498 [INFO] CodeEngine:263 - oldGeneratedFile, C:\Users\User03\Desktop\STM32\LED_blink\MXTmpFiles\sai_init.tmp_save
2025-05-16 10:44:23,610 [INFO] CodeEngine:287 - Generated code: C:\Users\User03\Desktop\STM32\LED_blink\MXTmpFiles\sai_init.tmp
2025-05-16 10:44:23,616 [INFO] CodeEngine:263 - oldGeneratedFile, C:\Users\User03\Desktop\STM32\LED_blink\MXTmpFiles\sai_GV.tmp_save
2025-05-16 10:44:23,720 [INFO] CodeEngine:287 - Generated code: C:\Users\User03\Desktop\STM32\LED_blink\MXTmpFiles\sai_GV.tmp
2025-05-16 10:44:23,726 [INFO] CodeEngine:263 - oldGeneratedFile, C:\Users\User03\Desktop\STM32\LED_blink\MXTmpFiles\sai_msp.tmp_save
2025-05-16 10:44:23,846 [INFO] CodeEngine:287 - Generated code: C:\Users\User03\Desktop\STM32\LED_blink\MXTmpFiles\sai_msp.tmp
2025-05-16 10:44:23,872 [INFO] Middleware:1452 - No code input for Bsp Dependency
2025-05-16 10:44:23,887 [INFO] CodeEngine:263 - oldGeneratedFile, C:\Users\User03\Desktop\STM32\LED_blink\USB_DEVICE\App\usb_device.c_save
2025-05-16 10:44:24,009 [INFO] CodeEngine:287 - Generated code: C:\Users\User03\Desktop\STM32\LED_blink\USB_DEVICE\App\usb_device.c
2025-05-16 10:44:24,018 [INFO] CodeEngine:263 - oldGeneratedFile, C:\Users\User03\Desktop\STM32\LED_blink\USB_DEVICE\App\usb_device.h_save
2025-05-16 10:44:24,136 [INFO] CodeEngine:287 - Generated code: C:\Users\User03\Desktop\STM32\LED_blink\USB_DEVICE\App\usb_device.h
2025-05-16 10:44:24,145 [INFO] CodeEngine:263 - oldGeneratedFile, C:\Users\User03\Desktop\STM32\LED_blink\USB_DEVICE\Target\usbd_conf.h_save
2025-05-16 10:44:24,261 [INFO] CodeEngine:287 - Generated code: C:\Users\User03\Desktop\STM32\LED_blink\USB_DEVICE\Target\usbd_conf.h
2025-05-16 10:44:24,270 [INFO] CodeEngine:263 - oldGeneratedFile, C:\Users\User03\Desktop\STM32\LED_blink\USB_DEVICE\Target\usbd_conf.c_save
2025-05-16 10:44:24,439 [INFO] CodeEngine:287 - Generated code: C:\Users\User03\Desktop\STM32\LED_blink\USB_DEVICE\Target\usbd_conf.c
2025-05-16 10:44:24,439 [INFO] CodeEngine:263 - oldGeneratedFile, C:\Users\User03\Desktop\STM32\LED_blink\USB_DEVICE\App\usbd_desc.h_save
2025-05-16 10:44:24,567 [INFO] CodeEngine:287 - Generated code: C:\Users\User03\Desktop\STM32\LED_blink\USB_DEVICE\App\usbd_desc.h
2025-05-16 10:44:24,576 [INFO] CodeEngine:263 - oldGeneratedFile, C:\Users\User03\Desktop\STM32\LED_blink\USB_DEVICE\App\usbd_desc.c_save
2025-05-16 10:44:24,698 [INFO] CodeEngine:287 - Generated code: C:\Users\User03\Desktop\STM32\LED_blink\USB_DEVICE\App\usbd_desc.c
2025-05-16 10:44:24,707 [INFO] CodeEngine:263 - oldGeneratedFile, C:\Users\User03\Desktop\STM32\LED_blink\USB_DEVICE\App\usbd_cdc_if.h_save
2025-05-16 10:44:24,818 [INFO] CodeEngine:287 - Generated code: C:\Users\User03\Desktop\STM32\LED_blink\USB_DEVICE\App\usbd_cdc_if.h
2025-05-16 10:44:24,827 [INFO] CodeEngine:263 - oldGeneratedFile, C:\Users\User03\Desktop\STM32\LED_blink\USB_DEVICE\App\usbd_cdc_if.c_save
2025-05-16 10:44:24,945 [INFO] CodeEngine:287 - Generated code: C:\Users\User03\Desktop\STM32\LED_blink\USB_DEVICE\App\usbd_cdc_if.c
2025-05-16 10:44:24,976 [INFO] CodeEngine:263 - oldGeneratedFile, C:\Users\User03\Desktop\STM32\LED_blink\Core\Src\stm32l4xx_it.c_save
2025-05-16 10:44:25,274 [INFO] CodeEngine:287 - Generated code: C:\Users\User03\Desktop\STM32\LED_blink\Core\Src\stm32l4xx_it.c
2025-05-16 10:44:25,282 [INFO] CodeEngine:263 - oldGeneratedFile, C:\Users\User03\Desktop\STM32\LED_blink\Core\Inc\stm32l4xx_it.h_save
2025-05-16 10:44:25,392 [INFO] CodeEngine:287 - Generated code: C:\Users\User03\Desktop\STM32\LED_blink\Core\Inc\stm32l4xx_it.h
2025-05-16 10:44:25,407 [INFO] CodeEngine:263 - oldGeneratedFile, C:\Users\User03\Desktop\STM32\LED_blink\MXTmpFiles\sai_init.tmp_save
2025-05-16 10:44:25,518 [INFO] CodeEngine:287 - Generated code: C:\Users\User03\Desktop\STM32\LED_blink\MXTmpFiles\sai_init.tmp
2025-05-16 10:44:25,526 [INFO] CodeEngine:263 - oldGeneratedFile, C:\Users\User03\Desktop\STM32\LED_blink\MXTmpFiles\sai_GV.tmp_save
2025-05-16 10:44:25,631 [INFO] CodeEngine:287 - Generated code: C:\Users\User03\Desktop\STM32\LED_blink\MXTmpFiles\sai_GV.tmp
2025-05-16 10:44:25,639 [INFO] CodeEngine:263 - oldGeneratedFile, C:\Users\User03\Desktop\STM32\LED_blink\MXTmpFiles\sai_msp.tmp_save
2025-05-16 10:44:25,757 [INFO] CodeEngine:287 - Generated code: C:\Users\User03\Desktop\STM32\LED_blink\MXTmpFiles\sai_msp.tmp
2025-05-16 10:44:25,772 [INFO] CodeEngine:263 - oldGeneratedFile, C:\Users\User03\Desktop\STM32\LED_blink\MXTmpFiles\mx_fmc_HC.tmp_save
2025-05-16 10:44:25,891 [INFO] CodeEngine:287 - Generated code: C:\Users\User03\Desktop\STM32\LED_blink\MXTmpFiles\mx_fmc_HC.tmp
2025-05-16 10:44:25,900 [INFO] CodeEngine:263 - oldGeneratedFile, C:\Users\User03\Desktop\STM32\LED_blink\MXTmpFiles\mx_fmc_GV.tmp_save
2025-05-16 10:44:26,005 [INFO] CodeEngine:287 - Generated code: C:\Users\User03\Desktop\STM32\LED_blink\MXTmpFiles\mx_fmc_GV.tmp
2025-05-16 10:44:26,013 [INFO] CodeEngine:263 - oldGeneratedFile, C:\Users\User03\Desktop\STM32\LED_blink\MXTmpFiles\mx_fmc_MSP.tmp_save
2025-05-16 10:44:26,134 [INFO] CodeEngine:287 - Generated code: C:\Users\User03\Desktop\STM32\LED_blink\MXTmpFiles\mx_fmc_MSP.tmp
2025-05-16 10:44:26,170 [INFO] CodeEngine:263 - oldGeneratedFile, C:\Users\User03\Desktop\STM32\LED_blink\Core\Src\stm32l4xx_hal_msp.c_save
2025-05-16 10:44:26,374 [INFO] CodeEngine:287 - Generated code: C:\Users\User03\Desktop\STM32\LED_blink\Core\Src\stm32l4xx_hal_msp.c
2025-05-16 10:44:26,383 [INFO] CodeEngine:263 - oldGeneratedFile, C:\Users\User03\Desktop\STM32\LED_blink\MXTmpFiles\system.tmp_save
2025-05-16 10:44:26,488 [INFO] CodeEngine:287 - Generated code: C:\Users\User03\Desktop\STM32\LED_blink\MXTmpFiles\system.tmp
2025-05-16 10:44:26,507 [INFO] CodeEngine:319 - oldGeneratedFile, C:\Users\User03\Desktop\STM32\LED_blink\Core\Inc\stm32l4xx_hal_conf.h_save
2025-05-16 10:44:26,627 [INFO] CodeEngine:343 - Generated code: C:\Users\User03\Desktop\STM32\LED_blink\Core\Inc\stm32l4xx_hal_conf.h
2025-05-16 10:44:26,700 [INFO] CodeEngine:263 - oldGeneratedFile, C:\Users\User03\Desktop\STM32\LED_blink\Core\Inc\main.h_save
2025-05-16 10:44:26,820 [INFO] CodeEngine:287 - Generated code: C:\Users\User03\Desktop\STM32\LED_blink\Core\Inc\main.h
2025-05-16 10:44:26,830 [INFO] CodeEngine:263 - oldGeneratedFile, C:\Users\User03\Desktop\STM32\LED_blink\Core\Src\main.c_save
2025-05-16 10:44:27,033 [INFO] CodeEngine:287 - Generated code: C:\Users\User03\Desktop\STM32\LED_blink\Core\Src\main.c
2025-05-16 10:44:27,828 [INFO] ProjectBuilder:3324 - Time for Copy HAL[1] : 415mS.
2025-05-16 10:44:27,841 [INFO] ProjectBuilder:4912 - Project Generator version: 4.6.0-B36
2025-05-16 10:44:27,992 [INFO] ConfigFileManager:1590 - The Die is : DIE461
2025-05-16 10:44:29,593 [INFO] ProjectBuilder:5191 - Time for Generating toolchain IDE Files: 1752mS.
2025-05-16 10:44:29,594 [INFO] ProjectBuilder:3181 - Time for Copy CMSIS : 1mS.
2025-05-16 10:44:29,603 [INFO] ProjectBuilder:3181 - Time for Copy CMSIS : 0mS.
2025-05-16 11:09:49,147 [INFO] UtilMem:75 - End SaveConfig() Used Memory: 717461816 Bytes (1039138816)
2025-05-16 11:09:58,757 [INFO] UtilMem:75 - End SaveConfig() Used Memory: 742627640 Bytes (1039138816)
2025-05-16 11:10:07,524 [INFO] UtilMem:75 - End SaveConfig() Used Memory: 842299880 Bytes (1039138816)
2025-05-16 11:10:07,912 [INFO] BlockDiagram:2775 - set Specific Code input for plugin: SPI
2025-05-16 11:10:07,912 [INFO] BlockDiagram:2775 - set Specific Code input for plugin: SPI
2025-05-16 11:10:07,912 [INFO] BlockDiagram:2775 - set Specific Code input for plugin: DFSDM
2025-05-16 11:10:07,912 [INFO] BlockDiagram:2775 - set Specific Code input for plugin: USB_DEVICE
2025-05-16 11:10:07,912 [INFO] BlockDiagram:2775 - set Specific Code input for plugin: ADC
2025-05-16 11:10:07,912 [INFO] BlockDiagram:2775 - set Specific Code input for plugin: SYS
2025-05-16 11:10:07,912 [INFO] BlockDiagram:2775 - set Specific Code input for plugin: ADC
2025-05-16 11:10:07,912 [INFO] BlockDiagram:2775 - set Specific Code input for plugin: ADC
2025-05-16 11:10:07,912 [INFO] BlockDiagram:2775 - set Specific Code input for plugin: RCC
2025-05-16 11:10:07,912 [INFO] BlockDiagram:2775 - set Specific Code input for plugin: I2C
2025-05-16 11:10:07,912 [INFO] BlockDiagram:2775 - set Specific Code input for plugin: LPUART
2025-05-16 11:10:07,912 [INFO] BlockDiagram:2775 - set Specific Code input for plugin: I2C
2025-05-16 11:10:07,913 [INFO] BlockDiagram:2775 - set Specific Code input for plugin: SDMMC
2025-05-16 11:10:07,913 [INFO] BlockDiagram:2775 - set Specific Code input for plugin: DCMI
2025-05-16 11:10:07,913 [INFO] BlockDiagram:2775 - set Specific Code input for plugin: USB_OTG_FS
2025-05-16 11:10:07,913 [INFO] BlockDiagram:2775 - set Specific Code input for plugin: NVIC
2025-05-16 11:10:07,913 [INFO] BlockDiagram:2775 - set Specific Code input for plugin: USART
2025-05-16 11:10:07,913 [INFO] BlockDiagram:2775 - set Specific Code input for plugin: USART
2025-05-16 11:10:07,913 [INFO] BlockDiagram:2775 - set Specific Code input for plugin: FMC
2025-05-16 11:10:07,914 [INFO] BlockDiagram:2775 - set Specific Code input for plugin: GPIO
2025-05-16 11:10:07,914 [INFO] BlockDiagram:2775 - set Specific Code input for plugin: SAI
2025-05-16 11:10:07,915 [INFO] BlockDiagram:2775 - set Specific Code input for plugin: QUADSPI
2025-05-16 11:10:07,916 [INFO] CodeGenerator:882 - code generatio: config db path: C:\ST\STM32CubeIDE_1.18.0\STM32CubeIDE\plugins\com.st.stm32cube.common.mx_6.14.0.202502271554\\db\
2025-05-16 11:10:08,484 [INFO] CodeEngine:263 - oldGeneratedFile, C:\Users\User03\Desktop\STM32\LED_blink\MXTmpFiles\license.tmp_save
2025-05-16 11:10:08,635 [INFO] CodeEngine:287 - Generated code: C:\Users\User03\Desktop\STM32\LED_blink\MXTmpFiles\license.tmp
2025-05-16 11:10:09,360 [INFO] CodeEngine:263 - oldGeneratedFile, C:\Users\User03\Desktop\STM32\LED_blink\MXTmpFiles\gpio.tmp_save
2025-05-16 11:10:09,512 [INFO] CodeEngine:287 - Generated code: C:\Users\User03\Desktop\STM32\LED_blink\MXTmpFiles\gpio.tmp
2025-05-16 11:10:10,743 [WARN] IPConfigManager:3174 - Warning: the RefConfig PWREx_EnableUSBVoltageDetector is not available in your config.xml file
2025-05-16 11:10:10,758 [INFO] CodeEngine:263 - oldGeneratedFile, C:\Users\User03\Desktop\STM32\LED_blink\MXTmpFiles\usb_otg_fs_vars.tmp_save
2025-05-16 11:10:10,888 [INFO] CodeEngine:287 - Generated code: C:\Users\User03\Desktop\STM32\LED_blink\MXTmpFiles\usb_otg_fs_vars.tmp
2025-05-16 11:10:10,893 [INFO] CodeEngine:263 - oldGeneratedFile, C:\Users\User03\Desktop\STM32\LED_blink\MXTmpFiles\usb_otg_fs_inc.tmp_save
2025-05-16 11:10:10,996 [INFO] CodeEngine:287 - Generated code: C:\Users\User03\Desktop\STM32\LED_blink\MXTmpFiles\usb_otg_fs_inc.tmp
2025-05-16 11:10:11,002 [INFO] CodeEngine:263 - oldGeneratedFile, C:\Users\User03\Desktop\STM32\LED_blink\MXTmpFiles\usb_otg_fs_HalInit.tmp_save
2025-05-16 11:10:11,131 [INFO] CodeEngine:287 - Generated code: C:\Users\User03\Desktop\STM32\LED_blink\MXTmpFiles\usb_otg_fs_HalInit.tmp
2025-05-16 11:10:11,138 [INFO] CodeEngine:263 - oldGeneratedFile, C:\Users\User03\Desktop\STM32\LED_blink\MXTmpFiles\usb_otg_fs_Msp.tmp_save
2025-05-16 11:10:11,276 [INFO] CodeEngine:287 - Generated code: C:\Users\User03\Desktop\STM32\LED_blink\MXTmpFiles\usb_otg_fs_Msp.tmp
2025-05-16 11:10:22,987 [INFO] Middleware:1452 - No code input for Bsp Dependency
2025-05-16 11:10:23,005 [INFO] CodeEngine:263 - oldGeneratedFile, C:\Users\User03\Desktop\STM32\LED_blink\MXTmpFiles\mx_fmc_HC.tmp_save
2025-05-16 11:10:23,132 [INFO] CodeEngine:287 - Generated code: C:\Users\User03\Desktop\STM32\LED_blink\MXTmpFiles\mx_fmc_HC.tmp
2025-05-16 11:10:23,138 [INFO] CodeEngine:263 - oldGeneratedFile, C:\Users\User03\Desktop\STM32\LED_blink\MXTmpFiles\mx_fmc_GV.tmp_save
2025-05-16 11:10:23,244 [INFO] CodeEngine:287 - Generated code: C:\Users\User03\Desktop\STM32\LED_blink\MXTmpFiles\mx_fmc_GV.tmp
2025-05-16 11:10:23,249 [INFO] CodeEngine:263 - oldGeneratedFile, C:\Users\User03\Desktop\STM32\LED_blink\MXTmpFiles\mx_fmc_MSP.tmp_save
2025-05-16 11:10:23,371 [INFO] CodeEngine:287 - Generated code: C:\Users\User03\Desktop\STM32\LED_blink\MXTmpFiles\mx_fmc_MSP.tmp
2025-05-16 11:10:23,395 [INFO] CodeEngine:263 - oldGeneratedFile, C:\Users\User03\Desktop\STM32\LED_blink\MXTmpFiles\sai_init.tmp_save
2025-05-16 11:10:23,508 [INFO] CodeEngine:287 - Generated code: C:\Users\User03\Desktop\STM32\LED_blink\MXTmpFiles\sai_init.tmp
2025-05-16 11:10:23,514 [INFO] CodeEngine:263 - oldGeneratedFile, C:\Users\User03\Desktop\STM32\LED_blink\MXTmpFiles\sai_GV.tmp_save
2025-05-16 11:10:23,644 [INFO] CodeEngine:287 - Generated code: C:\Users\User03\Desktop\STM32\LED_blink\MXTmpFiles\sai_GV.tmp
2025-05-16 11:10:23,650 [INFO] CodeEngine:263 - oldGeneratedFile, C:\Users\User03\Desktop\STM32\LED_blink\MXTmpFiles\sai_msp.tmp_save
2025-05-16 11:10:23,769 [INFO] CodeEngine:287 - Generated code: C:\Users\User03\Desktop\STM32\LED_blink\MXTmpFiles\sai_msp.tmp
2025-05-16 11:10:23,794 [INFO] Middleware:1452 - No code input for Bsp Dependency
2025-05-16 11:10:23,807 [INFO] CodeEngine:263 - oldGeneratedFile, C:\Users\User03\Desktop\STM32\LED_blink\USB_DEVICE\App\usb_device.c_save
2025-05-16 11:10:23,934 [INFO] CodeEngine:287 - Generated code: C:\Users\User03\Desktop\STM32\LED_blink\USB_DEVICE\App\usb_device.c
2025-05-16 11:10:23,943 [INFO] CodeEngine:263 - oldGeneratedFile, C:\Users\User03\Desktop\STM32\LED_blink\USB_DEVICE\App\usb_device.h_save
2025-05-16 11:10:24,061 [INFO] CodeEngine:287 - Generated code: C:\Users\User03\Desktop\STM32\LED_blink\USB_DEVICE\App\usb_device.h
2025-05-16 11:10:24,069 [INFO] CodeEngine:263 - oldGeneratedFile, C:\Users\User03\Desktop\STM32\LED_blink\USB_DEVICE\Target\usbd_conf.h_save
2025-05-16 11:10:24,191 [INFO] CodeEngine:287 - Generated code: C:\Users\User03\Desktop\STM32\LED_blink\USB_DEVICE\Target\usbd_conf.h
2025-05-16 11:10:24,200 [INFO] CodeEngine:263 - oldGeneratedFile, C:\Users\User03\Desktop\STM32\LED_blink\USB_DEVICE\Target\usbd_conf.c_save
2025-05-16 11:10:24,387 [INFO] CodeEngine:287 - Generated code: C:\Users\User03\Desktop\STM32\LED_blink\USB_DEVICE\Target\usbd_conf.c
2025-05-16 11:10:24,397 [INFO] CodeEngine:263 - oldGeneratedFile, C:\Users\User03\Desktop\STM32\LED_blink\USB_DEVICE\App\usbd_desc.h_save
2025-05-16 11:10:24,522 [INFO] CodeEngine:287 - Generated code: C:\Users\User03\Desktop\STM32\LED_blink\USB_DEVICE\App\usbd_desc.h
2025-05-16 11:10:24,530 [INFO] CodeEngine:263 - oldGeneratedFile, C:\Users\User03\Desktop\STM32\LED_blink\USB_DEVICE\App\usbd_desc.c_save
2025-05-16 11:10:24,657 [INFO] CodeEngine:287 - Generated code: C:\Users\User03\Desktop\STM32\LED_blink\USB_DEVICE\App\usbd_desc.c
2025-05-16 11:10:24,666 [INFO] CodeEngine:263 - oldGeneratedFile, C:\Users\User03\Desktop\STM32\LED_blink\USB_DEVICE\App\usbd_cdc_if.h_save
2025-05-16 11:10:24,781 [INFO] CodeEngine:287 - Generated code: C:\Users\User03\Desktop\STM32\LED_blink\USB_DEVICE\App\usbd_cdc_if.h
2025-05-16 11:10:24,789 [INFO] CodeEngine:263 - oldGeneratedFile, C:\Users\User03\Desktop\STM32\LED_blink\USB_DEVICE\App\usbd_cdc_if.c_save
2025-05-16 11:10:24,909 [INFO] CodeEngine:287 - Generated code: C:\Users\User03\Desktop\STM32\LED_blink\USB_DEVICE\App\usbd_cdc_if.c
2025-05-16 11:10:24,947 [INFO] CodeEngine:263 - oldGeneratedFile, C:\Users\User03\Desktop\STM32\LED_blink\Core\Src\stm32l4xx_it.c_save
2025-05-16 11:10:25,233 [INFO] CodeEngine:287 - Generated code: C:\Users\User03\Desktop\STM32\LED_blink\Core\Src\stm32l4xx_it.c
2025-05-16 11:10:25,243 [INFO] CodeEngine:263 - oldGeneratedFile, C:\Users\User03\Desktop\STM32\LED_blink\Core\Inc\stm32l4xx_it.h_save
2025-05-16 11:10:25,355 [INFO] CodeEngine:287 - Generated code: C:\Users\User03\Desktop\STM32\LED_blink\Core\Inc\stm32l4xx_it.h
2025-05-16 11:10:25,370 [INFO] CodeEngine:263 - oldGeneratedFile, C:\Users\User03\Desktop\STM32\LED_blink\MXTmpFiles\sai_init.tmp_save
2025-05-16 11:10:25,482 [INFO] CodeEngine:287 - Generated code: C:\Users\User03\Desktop\STM32\LED_blink\MXTmpFiles\sai_init.tmp
2025-05-16 11:10:25,490 [INFO] CodeEngine:263 - oldGeneratedFile, C:\Users\User03\Desktop\STM32\LED_blink\MXTmpFiles\sai_GV.tmp_save
2025-05-16 11:10:25,598 [INFO] CodeEngine:287 - Generated code: C:\Users\User03\Desktop\STM32\LED_blink\MXTmpFiles\sai_GV.tmp
2025-05-16 11:10:25,606 [INFO] CodeEngine:263 - oldGeneratedFile, C:\Users\User03\Desktop\STM32\LED_blink\MXTmpFiles\sai_msp.tmp_save
2025-05-16 11:10:25,729 [INFO] CodeEngine:287 - Generated code: C:\Users\User03\Desktop\STM32\LED_blink\MXTmpFiles\sai_msp.tmp
2025-05-16 11:10:25,745 [INFO] CodeEngine:263 - oldGeneratedFile, C:\Users\User03\Desktop\STM32\LED_blink\MXTmpFiles\mx_fmc_HC.tmp_save
2025-05-16 11:10:25,869 [INFO] CodeEngine:287 - Generated code: C:\Users\User03\Desktop\STM32\LED_blink\MXTmpFiles\mx_fmc_HC.tmp
2025-05-16 11:10:25,878 [INFO] CodeEngine:263 - oldGeneratedFile, C:\Users\User03\Desktop\STM32\LED_blink\MXTmpFiles\mx_fmc_GV.tmp_save
2025-05-16 11:10:25,988 [INFO] CodeEngine:287 - Generated code: C:\Users\User03\Desktop\STM32\LED_blink\MXTmpFiles\mx_fmc_GV.tmp
2025-05-16 11:10:25,996 [INFO] CodeEngine:263 - oldGeneratedFile, C:\Users\User03\Desktop\STM32\LED_blink\MXTmpFiles\mx_fmc_MSP.tmp_save
2025-05-16 11:10:26,122 [INFO] CodeEngine:287 - Generated code: C:\Users\User03\Desktop\STM32\LED_blink\MXTmpFiles\mx_fmc_MSP.tmp
2025-05-16 11:10:26,160 [INFO] CodeEngine:263 - oldGeneratedFile, C:\Users\User03\Desktop\STM32\LED_blink\Core\Src\stm32l4xx_hal_msp.c_save
2025-05-16 11:10:26,396 [INFO] CodeEngine:287 - Generated code: C:\Users\User03\Desktop\STM32\LED_blink\Core\Src\stm32l4xx_hal_msp.c
2025-05-16 11:10:26,405 [INFO] CodeEngine:263 - oldGeneratedFile, C:\Users\User03\Desktop\STM32\LED_blink\MXTmpFiles\system.tmp_save
2025-05-16 11:10:26,512 [INFO] CodeEngine:287 - Generated code: C:\Users\User03\Desktop\STM32\LED_blink\MXTmpFiles\system.tmp
2025-05-16 11:10:26,531 [INFO] CodeEngine:319 - oldGeneratedFile, C:\Users\User03\Desktop\STM32\LED_blink\Core\Inc\stm32l4xx_hal_conf.h_save
2025-05-16 11:10:26,653 [INFO] CodeEngine:343 - Generated code: C:\Users\User03\Desktop\STM32\LED_blink\Core\Inc\stm32l4xx_hal_conf.h
2025-05-16 11:10:26,730 [INFO] CodeEngine:263 - oldGeneratedFile, C:\Users\User03\Desktop\STM32\LED_blink\Core\Inc\main.h_save
2025-05-16 11:10:26,861 [INFO] CodeEngine:287 - Generated code: C:\Users\User03\Desktop\STM32\LED_blink\Core\Inc\main.h
2025-05-16 11:10:26,874 [INFO] CodeEngine:263 - oldGeneratedFile, C:\Users\User03\Desktop\STM32\LED_blink\Core\Src\main.c_save
2025-05-16 11:10:27,255 [INFO] CodeEngine:287 - Generated code: C:\Users\User03\Desktop\STM32\LED_blink\Core\Src\main.c
2025-05-16 11:10:28,000 [INFO] ProjectBuilder:3324 - Time for Copy HAL[1] : 406mS.
2025-05-16 11:10:28,012 [INFO] ProjectBuilder:4912 - Project Generator version: 4.6.0-B36
2025-05-16 11:10:28,198 [INFO] ConfigFileManager:1590 - The Die is : DIE461
2025-05-16 11:10:29,691 [INFO] ProjectBuilder:5191 - Time for Generating toolchain IDE Files: 1679mS.
2025-05-16 11:10:29,692 [INFO] ProjectBuilder:3181 - Time for Copy CMSIS : 0mS.
2025-05-16 11:10:29,700 [INFO] ProjectBuilder:3181 - Time for Copy CMSIS : 0mS.
